Arguments: 
  C:\Program Files\nodejs\node.exe C:\Users\mohab\AppData\Roaming\npm\node_modules\yarn\bin\yarn.js add jasmine @types/jasminejasmine init

PATH: 
  C:\Python311\Scripts\;C:\Python311\;C:\Oracle\product\11.2.0\dbhome_1\bin;C:\Oracle\product\11.2.0\dbhome_2\bin;D:\Programming\Oracle\product\11.2.0\dbhome_1\bin;C:\Program Files (x86)\Common Files\Oracle\Java\javapath;C:\WINDOWS\system32;C:\WINDOWS;C:\WINDOWS\System32\Wbem;C:\WINDOWS\System32\WindowsPowerShell\v1.0\;C:\WINDOWS\System32\OpenSSH\;C:\Program Files\NVIDIA Corporation\NVIDIA NvDLISR;C:\Program Files (x86)\NVIDIA Corporation\PhysX\Common;D:\Programming\flutter\bin;C:\Program Files\Java\jdk1.8.0_271\bin;C:\Program Files\Git\cmd;C:\Program Files\Microsoft SQL Server\130\Tools\Binn\;D:\Programs\instantclient_19_11;C:\Program Files\Microsoft SQL Server\Client SDK\ODBC\170\Tools\Binn\;C:\Program Files\dotnet\;C:\WINDOWS\system32;C:\WINDOWS;C:\WINDOWS\System32\Wbem;C:\WINDOWS\System32\WindowsPowerShell\v1.0\;C:\WINDOWS\System32\OpenSSH\;C:\Program Files (x86)\Microsoft SQL Server\150\Tools\Binn\;C:\Program Files\Microsoft SQL Server\150\Tools\Binn\;C:\Program Files\Microsoft SQL Server\150\DTS\Binn\;C:\Program Files (x86)\Microsoft SQL Server\150\DTS\Binn\;C:\Program Files (x86)\dotnet\;C:\Program Files\MongoDB\Server\5.0\bin;C:\Program Files\PostgreSQL\15\bin;C:\ProgramData\chocolatey\bin;C:\nodejs\npx.cmd;C:\Program Files\Amazon\AWSCLIV2\;C:\Users\mohab\AppData\Local\Programs\Python\Python39\Scripts;C:\Program Files\Git\usr\bin;C:\Program Files\nodejs;C:\Program Files\nodejs\;C:\Program Files\Docker\Docker\resources\bin;E:\Programs\chromedriver_win32\chromedriver.exe;C:\xampp\php;C:\composer;C:\Program Files\MySQL\MySQL Shell 8.0\bin\;C:\Users\mohab\AppData\Local\Microsoft\WindowsApps;C:\Program Files\JetBrains\IntelliJ IDEA 2020.3.1\bin;C:\Users\mohab\AppData\Local\Programs\Microsoft VS Code\bin;C:\Users\mohab\.dotnet\tools;C:\Users\mohab\.dotnet\tools;C:\Users\mohab\AppData\Local\Microsoft\WindowsApps;C:\Program Files\Azure Data Studio\bin;C:\Users\mohab\AppData\Local\Programs\mongosh\;C:\Users\mohab\AppData\Local\GitHubDesktop\bin;C:\Users\mohab\AppData\Roaming\npm;C:\Users\mohab\AppData\Roaming\Composer\vendor\bin;C:\Program Files\JetBrains\PhpStorm 2023.1.4\bin

Yarn version: 
  1.22.19

Node version: 
  19.5.0

Platform: 
  win32 x64

Trace: 
  Error: https://registry.npmjs.org/@types%2fjasminejasmine: Not found
      at params.callback [as _callback] (C:\Users\mohab\AppData\Roaming\npm\node_modules\yarn\lib\cli.js:66145:18)
      at self.callback (C:\Users\mohab\AppData\Roaming\npm\node_modules\yarn\lib\cli.js:140890:22)
      at Request.emit (node:events:512:28)
      at Request.<anonymous> (C:\Users\mohab\AppData\Roaming\npm\node_modules\yarn\lib\cli.js:141862:10)
      at Request.emit (node:events:512:28)
      at IncomingMessage.<anonymous> (C:\Users\mohab\AppData\Roaming\npm\node_modules\yarn\lib\cli.js:141784:12)
      at Object.onceWrapper (node:events:626:28)
      at IncomingMessage.emit (node:events:524:35)
      at endReadableNT (node:internal/streams/readable:1359:12)
      at process.processTicksAndRejections (node:internal/process/task_queues:82:21)

npm manifest: 
  {
    "name": "storefront_backend",
    "version": "0.1.0",
    "description": "",
    "main": "server.ts",
    "scripts": {
      "start": "node src/server.ts",
      "watch": "tsc-watch --esModuleInterop src/server.ts --outDir ./dist --onSuccess \"node ./dist/server.js\"",
      "test": "jasmine-ts",
      "tsc": "tsc"
    },
    "author": "Udacity",
    "license": "ISC",
    "dependencies": {
      "body-parser": "^1.20.2",
      "db-migrate-pg": "^1.5.2",
      "dotenv": "^16.3.1",
      "express": "^4.17.1",
      "pg": "^8.5.1",
      "typescript": "^4.1.3"
    },
    "devDependencies": {
      "@types/body-parser": "^1.19.2",
      "@types/dotenv": "^8.2.0",
      "@types/express": "^4.17.9",
      "@types/jasmine": "^3.6.3",
      "@types/node": "^20.6.0",
      "@types/pg": "^7.14.7",
      "@types/qs": "^6.9.8",
      "jasmine": "^3.6.4",
      "jasmine-spec-reporter": "^6.0.0",
      "jasmine-ts": "^0.3.0",
      "ts-node": "^9.1.1",
      "tsc-watch": "^4.2.9"
    }
  }

yarn manifest: 
  No manifest

Lockfile: 
  No lockfile
